<?xml version="1.0" encoding="UTF-8"?>
<testsuite name="BrandTest" tests="3" skipped="0" failures="0" errors="0" timestamp="2015-09-04T14:41:03" hostname="josss-MacBook-Pro.local" time="0.266">
  <properties/>
  <testcase name="equals_returnsTrueIfDescriptionsAretheSame" classname="BrandTest" time="0.126"/>
  <testcase name="save_returnsTrueIfDescriptionsAretheSame" classname="BrandTest" time="0.12"/>
  <testcase name="all_emptyAtFirst" classname="BrandTest" time="0.02"/>
  <system-out><![CDATA[]]></system-out>
  <system-err><![CDATA[]]></system-err>
</testsuite>
