<?xml version="1.0" encoding="UTF-8"?>
<testsuite name="CategoryTest" tests="6" skipped="0" failures="0" errors="0" timestamp="2015-08-31T16:53:16" hostname="epicodus-110.local" time="0.186">
  <properties/>
  <testcase name="equals_returnsTrueIfNamesAretheSame" classname="CategoryTest" time="0.075"/>
  <testcase name="getTasks_returnsAllTasks_ArrayList" classname="CategoryTest" time="0.05"/>
  <testcase name="all_emptyAtFirst" classname="CategoryTest" time="0.009"/>
  <testcase name="addTask_addsTaskToCategory" classname="CategoryTest" time="0.024"/>
  <testcase name="save_savesIntoDatabase_true" classname="CategoryTest" time="0.014"/>
  <testcase name="find_findsCategoryInDatabase_true" classname="CategoryTest" time="0.012"/>
  <system-out><![CDATA[]]></system-out>
  <system-err><![CDATA[]]></system-err>
</testsuite>
