<?xml version="1.0" encoding="UTF-8"?>
<testsuite name="BrandTest" tests="7" skipped="0" failures="0" errors="0" timestamp="2015-09-04T14:58:54" hostname="josss-MacBook-Pro.local" time="0.356">
  <properties/>
  <testcase name="equals_returnsTrueIfDescriptionsAretheSame" classname="BrandTest" time="0.125"/>
  <testcase name="save_returnsTrueIfDescriptionsAretheSame" classname="BrandTest" time="0.055"/>
  <testcase name="all_emptyAtFirst" classname="BrandTest" time="0.014"/>
  <testcase name="find_findsBrandInDatabase_true" classname="BrandTest" time="0.022"/>
  <testcase name="getStores_returnsAllStores_ArrayList" classname="BrandTest" time="0.059"/>
  <testcase name="save_assignsIdToObject" classname="BrandTest" time="0.028"/>
  <testcase name="addStore_addsStoreToBrand" classname="BrandTest" time="0.048"/>
  <system-out><![CDATA[]]></system-out>
  <system-err><![CDATA[]]></system-err>
</testsuite>
