<?xml version="1.0" encoding="UTF-8"?>
<testsuite name="CategoryTest" tests="6" skipped="0" failures="0" errors="0" timestamp="2015-08-31T17:34:40" hostname="epicodus-110.local" time="0.194">
  <properties/>
  <testcase name="equals_returnsTrueIfNamesAretheSame" classname="CategoryTest" time="0.076"/>
  <testcase name="getTasks_returnsAllTasks_ArrayList" classname="CategoryTest" time="0.053"/>
  <testcase name="all_emptyAtFirst" classname="CategoryTest" time="0.01"/>
  <testcase name="addTask_addsTaskToCategory" classname="CategoryTest" time="0.027"/>
  <testcase name="save_savesIntoDatabase_true" classname="CategoryTest" time="0.014"/>
  <testcase name="find_findsCategoryInDatabase_true" classname="CategoryTest" time="0.014"/>
  <system-out><![CDATA[]]></system-out>
  <system-err><![CDATA[]]></system-err>
</testsuite>
