<?xml version="1.0" encoding="UTF-8"?>
<testsuite name="CategoryTest" tests="7" skipped="0" failures="0" errors="0" timestamp="2015-08-31T17:53:59" hostname="epicodus-110.local" time="0.219">
  <properties/>
  <testcase name="equals_returnsTrueIfNamesAretheSame" classname="CategoryTest" time="0.076"/>
  <testcase name="delete_deletesAllListsAndTasksAssociations" classname="CategoryTest" time="0.055"/>
  <testcase name="getTasks_returnsAllTasks_ArrayList" classname="CategoryTest" time="0.027"/>
  <testcase name="all_emptyAtFirst" classname="CategoryTest" time="0.01"/>
  <testcase name="addTask_addsTaskToCategory" classname="CategoryTest" time="0.024"/>
  <testcase name="save_savesIntoDatabase_true" classname="CategoryTest" time="0.012"/>
  <testcase name="find_findsCategoryInDatabase_true" classname="CategoryTest" time="0.013"/>
  <system-out><![CDATA[]]></system-out>
  <system-err><![CDATA[]]></system-err>
</testsuite>
