<?xml version="1.0" encoding="UTF-8"?>
<testsuite name="StoreTest" tests="4" skipped="0" failures="0" errors="0" timestamp="2015-09-04T15:16:59" hostname="josss-MacBook-Pro.local" time="0.074">
  <properties/>
  <testcase name="equals_returnsTrueIfNamesAretheSame" classname="StoreTest" time="0.01"/>
  <testcase name="find_findsStoreInDatabase_true" classname="StoreTest" time="0.027"/>
  <testcase name="all_emptyAtFirst" classname="StoreTest" time="0.016"/>
  <testcase name="save_savesIntoDatabase_true" classname="StoreTest" time="0.02"/>
  <system-out><![CDATA[]]></system-out>
  <system-err><![CDATA[]]></system-err>
</testsuite>
