<?xml version="1.0" encoding="UTF-8"?>
<testsuite name="StoreTest" tests="1" skipped="0" failures="0" errors="0" timestamp="2015-09-04T15:11:24" hostname="josss-MacBook-Pro.local" time="0.012">
  <properties/>
  <testcase name="all_emptyAtFirst" classname="StoreTest" time="0.012"/>
  <system-out><![CDATA[]]></system-out>
  <system-err><![CDATA[]]></system-err>
</testsuite>
