<?xml version="1.0" encoding="UTF-8"?>
<testsuite name="StoreTest" tests="6" skipped="0" failures="0" errors="0" timestamp="2015-09-04T15:25:01" hostname="josss-MacBook-Pro.local" time="0.125">
  <properties/>
  <testcase name="equals_returnsTrueIfNamesAretheSame" classname="StoreTest" time="0.006"/>
  <testcase name="addBrand_addsBrandToStore" classname="StoreTest" time="0.033"/>
  <testcase name="find_findsStoreInDatabase_true" classname="StoreTest" time="0.017"/>
  <testcase name="all_emptyAtFirst" classname="StoreTest" time="0.016"/>
  <testcase name="save_savesIntoDatabase_true" classname="StoreTest" time="0.018"/>
  <testcase name="getBrands_returnsAllBrands_ArrayList" classname="StoreTest" time="0.032"/>
  <system-out><![CDATA[]]></system-out>
  <system-err><![CDATA[]]></system-err>
</testsuite>
