<?xml version="1.0" encoding="UTF-8"?>
<testsuite name="StoreTest" tests="8" skipped="0" failures="0" errors="0" timestamp="2015-09-04T16:52:14" hostname="josss-MacBook-Pro.local" time="0.184">
  <properties/>
  <testcase name="delete_deletesAllListsAndStoresBrandsAssociations" classname="StoreTest" time="0.039"/>
  <testcase name="equals_returnsTrueIfNamesAretheSame" classname="StoreTest" time="0.009"/>
  <testcase name="update_updateStoreInfo" classname="StoreTest" time="0.027"/>
  <testcase name="addBrand_addsBrandToStore" classname="StoreTest" time="0.033"/>
  <testcase name="find_findsStoreInDatabase_true" classname="StoreTest" time="0.017"/>
  <testcase name="all_emptyAtFirst" classname="StoreTest" time="0.011"/>
  <testcase name="save_savesIntoDatabase_true" classname="StoreTest" time="0.016"/>
  <testcase name="getBrands_returnsAllBrands_ArrayList" classname="StoreTest" time="0.03"/>
  <system-out><![CDATA[]]></system-out>
  <system-err><![CDATA[]]></system-err>
</testsuite>
